Internal Server Error: /
Traceback (most recent call last):
  File "/Users/thedos/stuff/openg/lib/python2.7/site-packages/django/core/handlers/base.py", line 119, in get_response
    resolver_match = resolver.resolve(request.path_info)
  File "/Users/thedos/stuff/openg/lib/python2.7/site-packages/django/core/urlresolvers.py", line 366, in resolve
    for pattern in self.url_patterns:
  File "/Users/thedos/stuff/openg/lib/python2.7/site-packages/django/core/urlresolvers.py", line 402, in url_patterns
    patterns = getattr(self.urlconf_module, "urlpatterns", self.urlconf_module)
  File "/Users/thedos/stuff/openg/lib/python2.7/site-packages/django/core/urlresolvers.py", line 396, in urlconf_module
    self._urlconf_module = import_module(self.urlconf_name)
  File "/System/Library/Frameworks/Python.framework/Versions/2.7/lib/python2.7/importlib/__init__.py", line 37, in import_module
    __import__(name)
  File "/Users/thedos/stuff/openg/OpenGenfri/pos/pos/urls.py", line 14, in <module>
    url(r'^webpos/', include('webpos.urls', namespace="webpos")),
  File "/Users/thedos/stuff/openg/lib/python2.7/site-packages/django/conf/urls/__init__.py", line 33, in include
    urlconf_module = import_module(urlconf_module)
  File "/System/Library/Frameworks/Python.framework/Versions/2.7/lib/python2.7/importlib/__init__.py", line 37, in import_module
    __import__(name)
  File "/Users/thedos/stuff/openg/OpenGenfri/pos/webpos/urls.py", line 2, in <module>
    from webpos import views
  File "/Users/thedos/stuff/openg/OpenGenfri/pos/webpos/views.py", line 3, in <module>
    from easy_pdf.rendering import render_to_pdf_response
  File "/Users/thedos/stuff/openg/lib/python2.7/site-packages/easy_pdf/rendering.py", line 14, in <module>
    import xhtml2pdf.default
ImportError: No module named xhtml2pdf.default
Internal Server Error: /webpos/commit/
Traceback (most recent call last):
  File "/Users/thedos/stuff/openg/lib/python2.7/site-packages/django/core/handlers/base.py", line 151, in get_response
    % (callback.__module__, view_name))
ValueError: The view webpos.views.bill_handler didn't return an HttpResponse object. It returned None instead.
Not Found: /webpos/admin
Not Found: /webpos/admin
Not Found: /pdf
Not Found: /pdf
Internal Server Error: /webpos/pdf/
Traceback (most recent call last):
  File "/Users/thedos/stuff/openg/lib/python2.7/site-packages/django/core/handlers/base.py", line 132, in get_response
    response = wrapped_callback(request, *callback_args, **callback_kwargs)
  File "/Users/thedos/stuff/openg/OpenGenfri/pos/webpos/views.py", line 125, in pdf_view
    return render_to_pdf_response(request, 'webpos/pdf_template.html', context)
  File "/Users/thedos/stuff/openg/lib/python2.7/site-packages/easy_pdf/rendering.py", line 166, in render_to_pdf_response
    pdf = render_to_pdf(template, context, encoding=encoding, **kwargs)
  File "/Users/thedos/stuff/openg/lib/python2.7/site-packages/easy_pdf/rendering.py", line 139, in render_to_pdf
    return html_to_pdf(content, encoding, **kwargs)
  File "/Users/thedos/stuff/openg/lib/python2.7/site-packages/easy_pdf/rendering.py", line 65, in html_to_pdf
    link_callback=link_callback, **kwargs)
  File "/Users/thedos/stuff/openg/lib/python2.7/site-packages/xhtml2pdf/document.py", line 89, in pisaDocument
    encoding, context=context, xml_output=xml_output)
  File "/Users/thedos/stuff/openg/lib/python2.7/site-packages/xhtml2pdf/document.py", line 57, in pisaStory
    pisaParser(src, context, default_css, xhtml, encoding, xml_output)
  File "/Users/thedos/stuff/openg/lib/python2.7/site-packages/xhtml2pdf/parser.py", line 685, in pisaParser
    context.parseCSS()
  File "/Users/thedos/stuff/openg/lib/python2.7/site-packages/xhtml2pdf/context.py", line 498, in parseCSS
    self.css = self.cssParser.parse(self.cssText)
  File "/Users/thedos/stuff/openg/lib/python2.7/site-packages/xhtml2pdf/w3c/cssParser.py", line 434, in parse
    src, stylesheet = self._parseStylesheet(src)
  File "/Users/thedos/stuff/openg/lib/python2.7/site-packages/xhtml2pdf/w3c/cssParser.py", line 533, in _parseStylesheet
    src, atResults = self._parseAtKeyword(src)
  File "/Users/thedos/stuff/openg/lib/python2.7/site-packages/xhtml2pdf/w3c/cssParser.py", line 655, in _parseAtKeyword
    src, result = self._parseAtFontFace(src)
  File "/Users/thedos/stuff/openg/lib/python2.7/site-packages/xhtml2pdf/w3c/cssParser.py", line 785, in _parseAtFontFace
    result = [self.cssBuilder.atFontFace(properties)]
  File "/Users/thedos/stuff/openg/lib/python2.7/site-packages/xhtml2pdf/context.py", line 173, in atFontFace
    src = self.c.getFile(data["src"], relative=self.c.cssParser.rootPath)
  File "/Users/thedos/stuff/openg/lib/python2.7/site-packages/xhtml2pdf/context.py", line 822, in getFile
    return getFile(self._getFileDeprecated(name, relative))
  File "/Users/thedos/stuff/openg/lib/python2.7/site-packages/xhtml2pdf/util.py", line 635, in getFile
    file = pisaFileObject(*a, **kw)
  File "/Users/thedos/stuff/openg/lib/python2.7/site-packages/xhtml2pdf/util.py", line 516, in __init__
    uri = uri.encode('utf-8')
AttributeError: 'NoneType' object has no attribute 'encode'
Internal Server Error: /webpos/pdf/
Traceback (most recent call last):
  File "/Users/thedos/stuff/openg/lib/python2.7/site-packages/django/core/handlers/base.py", line 132, in get_response
    response = wrapped_callback(request, *callback_args, **callback_kwargs)
  File "/Users/thedos/stuff/openg/OpenGenfri/pos/webpos/views.py", line 125, in pdf_view
    return render_to_pdf_response(request, 'webpos/pdf_template.html', context)
  File "/Users/thedos/stuff/openg/lib/python2.7/site-packages/easy_pdf/rendering.py", line 166, in render_to_pdf_response
    pdf = render_to_pdf(template, context, encoding=encoding, **kwargs)
  File "/Users/thedos/stuff/openg/lib/python2.7/site-packages/easy_pdf/rendering.py", line 139, in render_to_pdf
    return html_to_pdf(content, encoding, **kwargs)
  File "/Users/thedos/stuff/openg/lib/python2.7/site-packages/easy_pdf/rendering.py", line 65, in html_to_pdf
    link_callback=link_callback, **kwargs)
  File "/Users/thedos/stuff/openg/lib/python2.7/site-packages/xhtml2pdf/document.py", line 89, in pisaDocument
    encoding, context=context, xml_output=xml_output)
  File "/Users/thedos/stuff/openg/lib/python2.7/site-packages/xhtml2pdf/document.py", line 57, in pisaStory
    pisaParser(src, context, default_css, xhtml, encoding, xml_output)
  File "/Users/thedos/stuff/openg/lib/python2.7/site-packages/xhtml2pdf/parser.py", line 685, in pisaParser
    context.parseCSS()
  File "/Users/thedos/stuff/openg/lib/python2.7/site-packages/xhtml2pdf/context.py", line 498, in parseCSS
    self.css = self.cssParser.parse(self.cssText)
  File "/Users/thedos/stuff/openg/lib/python2.7/site-packages/xhtml2pdf/w3c/cssParser.py", line 434, in parse
    src, stylesheet = self._parseStylesheet(src)
  File "/Users/thedos/stuff/openg/lib/python2.7/site-packages/xhtml2pdf/w3c/cssParser.py", line 533, in _parseStylesheet
    src, atResults = self._parseAtKeyword(src)
  File "/Users/thedos/stuff/openg/lib/python2.7/site-packages/xhtml2pdf/w3c/cssParser.py", line 655, in _parseAtKeyword
    src, result = self._parseAtFontFace(src)
  File "/Users/thedos/stuff/openg/lib/python2.7/site-packages/xhtml2pdf/w3c/cssParser.py", line 785, in _parseAtFontFace
    result = [self.cssBuilder.atFontFace(properties)]
  File "/Users/thedos/stuff/openg/lib/python2.7/site-packages/xhtml2pdf/context.py", line 173, in atFontFace
    src = self.c.getFile(data["src"], relative=self.c.cssParser.rootPath)
  File "/Users/thedos/stuff/openg/lib/python2.7/site-packages/xhtml2pdf/context.py", line 822, in getFile
    return getFile(self._getFileDeprecated(name, relative))
  File "/Users/thedos/stuff/openg/lib/python2.7/site-packages/xhtml2pdf/util.py", line 635, in getFile
    file = pisaFileObject(*a, **kw)
  File "/Users/thedos/stuff/openg/lib/python2.7/site-packages/xhtml2pdf/util.py", line 516, in __init__
    uri = uri.encode('utf-8')
AttributeError: 'NoneType' object has no attribute 'encode'
Internal Server Error: /webpos/pdf2/
Traceback (most recent call last):
  File "/Users/thedos/stuff/openg/lib/python2.7/site-packages/django/core/handlers/base.py", line 132, in get_response
    response = wrapped_callback(request, *callback_args, **callback_kwargs)
TypeError: __init__() takes exactly 1 argument (2 given)
Internal Server Error: /webpos/pdf2/
Traceback (most recent call last):
  File "/Users/thedos/stuff/openg/lib/python2.7/site-packages/django/core/handlers/base.py", line 132, in get_response
    response = wrapped_callback(request, *callback_args, **callback_kwargs)
  File "/Users/thedos/stuff/openg/OpenGenfri/pos/webpos/views.py", line 204, in HelloPDFView
    return render_to_pdf_response(request,template_name,{})
  File "/Users/thedos/stuff/openg/lib/python2.7/site-packages/easy_pdf/rendering.py", line 166, in render_to_pdf_response
    pdf = render_to_pdf(template, context, encoding=encoding, **kwargs)
  File "/Users/thedos/stuff/openg/lib/python2.7/site-packages/easy_pdf/rendering.py", line 138, in render_to_pdf
    content = loader.render_to_string(template, context)
  File "/Users/thedos/stuff/openg/lib/python2.7/site-packages/django/template/loader.py", line 98, in render_to_string
    template = get_template(template_name, using=using)
  File "/Users/thedos/stuff/openg/lib/python2.7/site-packages/django/template/loader.py", line 46, in get_template
    raise TemplateDoesNotExist(template_name)
TemplateDoesNotExist: hello.html
Internal Server Error: /webpos/pdf2/
Traceback (most recent call last):
  File "/Users/thedos/stuff/openg/lib/python2.7/site-packages/django/core/handlers/base.py", line 132, in get_response
    response = wrapped_callback(request, *callback_args, **callback_kwargs)
  File "/Users/thedos/stuff/openg/OpenGenfri/pos/webpos/views.py", line 204, in HelloPDFView
    return render_to_pdf_response(request,template_name,{})
  File "/Users/thedos/stuff/openg/lib/python2.7/site-packages/easy_pdf/rendering.py", line 166, in render_to_pdf_response
    pdf = render_to_pdf(template, context, encoding=encoding, **kwargs)
  File "/Users/thedos/stuff/openg/lib/python2.7/site-packages/easy_pdf/rendering.py", line 138, in render_to_pdf
    content = loader.render_to_string(template, context)
  File "/Users/thedos/stuff/openg/lib/python2.7/site-packages/django/template/loader.py", line 98, in render_to_string
    template = get_template(template_name, using=using)
  File "/Users/thedos/stuff/openg/lib/python2.7/site-packages/django/template/loader.py", line 46, in get_template
    raise TemplateDoesNotExist(template_name)
TemplateDoesNotExist: base_pdf.html
Internal Server Error: /webpos/pdf/
Traceback (most recent call last):
  File "/Users/thedos/stuff/openg/lib/python2.7/site-packages/django/core/handlers/base.py", line 132, in get_response
    response = wrapped_callback(request, *callback_args, **callback_kwargs)
  File "/Users/thedos/stuff/openg/OpenGenfri/pos/webpos/views.py", line 125, in pdf_view
    return render_to_pdf_response(request, 'webpos/pdf_template.html',{})
  File "/Users/thedos/stuff/openg/lib/python2.7/site-packages/easy_pdf/rendering.py", line 166, in render_to_pdf_response
    pdf = render_to_pdf(template, context, encoding=encoding, **kwargs)
  File "/Users/thedos/stuff/openg/lib/python2.7/site-packages/easy_pdf/rendering.py", line 139, in render_to_pdf
    return html_to_pdf(content, encoding, **kwargs)
  File "/Users/thedos/stuff/openg/lib/python2.7/site-packages/easy_pdf/rendering.py", line 65, in html_to_pdf
    link_callback=link_callback, **kwargs)
  File "/Users/thedos/stuff/openg/lib/python2.7/site-packages/xhtml2pdf/document.py", line 89, in pisaDocument
    encoding, context=context, xml_output=xml_output)
  File "/Users/thedos/stuff/openg/lib/python2.7/site-packages/xhtml2pdf/document.py", line 57, in pisaStory
    pisaParser(src, context, default_css, xhtml, encoding, xml_output)
  File "/Users/thedos/stuff/openg/lib/python2.7/site-packages/xhtml2pdf/parser.py", line 685, in pisaParser
    context.parseCSS()
  File "/Users/thedos/stuff/openg/lib/python2.7/site-packages/xhtml2pdf/context.py", line 498, in parseCSS
    self.css = self.cssParser.parse(self.cssText)
  File "/Users/thedos/stuff/openg/lib/python2.7/site-packages/xhtml2pdf/w3c/cssParser.py", line 434, in parse
    src, stylesheet = self._parseStylesheet(src)
  File "/Users/thedos/stuff/openg/lib/python2.7/site-packages/xhtml2pdf/w3c/cssParser.py", line 533, in _parseStylesheet
    src, atResults = self._parseAtKeyword(src)
  File "/Users/thedos/stuff/openg/lib/python2.7/site-packages/xhtml2pdf/w3c/cssParser.py", line 655, in _parseAtKeyword
    src, result = self._parseAtFontFace(src)
  File "/Users/thedos/stuff/openg/lib/python2.7/site-packages/xhtml2pdf/w3c/cssParser.py", line 785, in _parseAtFontFace
    result = [self.cssBuilder.atFontFace(properties)]
  File "/Users/thedos/stuff/openg/lib/python2.7/site-packages/xhtml2pdf/context.py", line 173, in atFontFace
    src = self.c.getFile(data["src"], relative=self.c.cssParser.rootPath)
  File "/Users/thedos/stuff/openg/lib/python2.7/site-packages/xhtml2pdf/context.py", line 822, in getFile
    return getFile(self._getFileDeprecated(name, relative))
  File "/Users/thedos/stuff/openg/lib/python2.7/site-packages/xhtml2pdf/util.py", line 635, in getFile
    file = pisaFileObject(*a, **kw)
  File "/Users/thedos/stuff/openg/lib/python2.7/site-packages/xhtml2pdf/util.py", line 516, in __init__
    uri = uri.encode('utf-8')
AttributeError: 'NoneType' object has no attribute 'encode'
Internal Server Error: /webpos/pdf/
Traceback (most recent call last):
  File "/Users/thedos/stuff/openg/lib/python2.7/site-packages/django/core/handlers/base.py", line 132, in get_response
    response = wrapped_callback(request, *callback_args, **callback_kwargs)
  File "/Users/thedos/stuff/openg/OpenGenfri/pos/webpos/views.py", line 125, in pdf_view
    return render_to_pdf_response(request, 'webpos/pdf_template.html',{})
  File "/Users/thedos/stuff/openg/lib/python2.7/site-packages/easy_pdf/rendering.py", line 166, in render_to_pdf_response
    pdf = render_to_pdf(template, context, encoding=encoding, **kwargs)
  File "/Users/thedos/stuff/openg/lib/python2.7/site-packages/easy_pdf/rendering.py", line 139, in render_to_pdf
    return html_to_pdf(content, encoding, **kwargs)
  File "/Users/thedos/stuff/openg/lib/python2.7/site-packages/easy_pdf/rendering.py", line 65, in html_to_pdf
    link_callback=link_callback, **kwargs)
  File "/Users/thedos/stuff/openg/lib/python2.7/site-packages/xhtml2pdf/document.py", line 89, in pisaDocument
    encoding, context=context, xml_output=xml_output)
  File "/Users/thedos/stuff/openg/lib/python2.7/site-packages/xhtml2pdf/document.py", line 57, in pisaStory
    pisaParser(src, context, default_css, xhtml, encoding, xml_output)
  File "/Users/thedos/stuff/openg/lib/python2.7/site-packages/xhtml2pdf/parser.py", line 685, in pisaParser
    context.parseCSS()
  File "/Users/thedos/stuff/openg/lib/python2.7/site-packages/xhtml2pdf/context.py", line 498, in parseCSS
    self.css = self.cssParser.parse(self.cssText)
  File "/Users/thedos/stuff/openg/lib/python2.7/site-packages/xhtml2pdf/w3c/cssParser.py", line 434, in parse
    src, stylesheet = self._parseStylesheet(src)
  File "/Users/thedos/stuff/openg/lib/python2.7/site-packages/xhtml2pdf/w3c/cssParser.py", line 533, in _parseStylesheet
    src, atResults = self._parseAtKeyword(src)
  File "/Users/thedos/stuff/openg/lib/python2.7/site-packages/xhtml2pdf/w3c/cssParser.py", line 655, in _parseAtKeyword
    src, result = self._parseAtFontFace(src)
  File "/Users/thedos/stuff/openg/lib/python2.7/site-packages/xhtml2pdf/w3c/cssParser.py", line 785, in _parseAtFontFace
    result = [self.cssBuilder.atFontFace(properties)]
  File "/Users/thedos/stuff/openg/lib/python2.7/site-packages/xhtml2pdf/context.py", line 173, in atFontFace
    src = self.c.getFile(data["src"], relative=self.c.cssParser.rootPath)
  File "/Users/thedos/stuff/openg/lib/python2.7/site-packages/xhtml2pdf/context.py", line 822, in getFile
    return getFile(self._getFileDeprecated(name, relative))
  File "/Users/thedos/stuff/openg/lib/python2.7/site-packages/xhtml2pdf/util.py", line 635, in getFile
    file = pisaFileObject(*a, **kw)
  File "/Users/thedos/stuff/openg/lib/python2.7/site-packages/xhtml2pdf/util.py", line 516, in __init__
    uri = uri.encode('utf-8')
AttributeError: 'NoneType' object has no attribute 'encode'
Internal Server Error: /webpos/pdf/
Traceback (most recent call last):
  File "/Users/thedos/stuff/openg/lib/python2.7/site-packages/django/core/handlers/base.py", line 132, in get_response
    response = wrapped_callback(request, *callback_args, **callback_kwargs)
  File "/Users/thedos/stuff/openg/OpenGenfri/pos/webpos/views.py", line 125, in pdf_view
    return render_to_pdf_response(request, 'webpos/pdf_template.html', context)
  File "/Users/thedos/stuff/openg/lib/python2.7/site-packages/easy_pdf/rendering.py", line 166, in render_to_pdf_response
    pdf = render_to_pdf(template, context, encoding=encoding, **kwargs)
  File "/Users/thedos/stuff/openg/lib/python2.7/site-packages/easy_pdf/rendering.py", line 139, in render_to_pdf
    return html_to_pdf(content, encoding, **kwargs)
  File "/Users/thedos/stuff/openg/lib/python2.7/site-packages/easy_pdf/rendering.py", line 65, in html_to_pdf
    link_callback=link_callback, **kwargs)
  File "/Users/thedos/stuff/openg/lib/python2.7/site-packages/xhtml2pdf/document.py", line 89, in pisaDocument
    encoding, context=context, xml_output=xml_output)
  File "/Users/thedos/stuff/openg/lib/python2.7/site-packages/xhtml2pdf/document.py", line 57, in pisaStory
    pisaParser(src, context, default_css, xhtml, encoding, xml_output)
  File "/Users/thedos/stuff/openg/lib/python2.7/site-packages/xhtml2pdf/parser.py", line 685, in pisaParser
    context.parseCSS()
  File "/Users/thedos/stuff/openg/lib/python2.7/site-packages/xhtml2pdf/context.py", line 498, in parseCSS
    self.css = self.cssParser.parse(self.cssText)
  File "/Users/thedos/stuff/openg/lib/python2.7/site-packages/xhtml2pdf/w3c/cssParser.py", line 434, in parse
    src, stylesheet = self._parseStylesheet(src)
  File "/Users/thedos/stuff/openg/lib/python2.7/site-packages/xhtml2pdf/w3c/cssParser.py", line 533, in _parseStylesheet
    src, atResults = self._parseAtKeyword(src)
  File "/Users/thedos/stuff/openg/lib/python2.7/site-packages/xhtml2pdf/w3c/cssParser.py", line 655, in _parseAtKeyword
    src, result = self._parseAtFontFace(src)
  File "/Users/thedos/stuff/openg/lib/python2.7/site-packages/xhtml2pdf/w3c/cssParser.py", line 785, in _parseAtFontFace
    result = [self.cssBuilder.atFontFace(properties)]
  File "/Users/thedos/stuff/openg/lib/python2.7/site-packages/xhtml2pdf/context.py", line 173, in atFontFace
    src = self.c.getFile(data["src"], relative=self.c.cssParser.rootPath)
  File "/Users/thedos/stuff/openg/lib/python2.7/site-packages/xhtml2pdf/context.py", line 822, in getFile
    return getFile(self._getFileDeprecated(name, relative))
  File "/Users/thedos/stuff/openg/lib/python2.7/site-packages/xhtml2pdf/util.py", line 635, in getFile
    file = pisaFileObject(*a, **kw)
  File "/Users/thedos/stuff/openg/lib/python2.7/site-packages/xhtml2pdf/util.py", line 516, in __init__
    uri = uri.encode('utf-8')
AttributeError: 'NoneType' object has no attribute 'encode'
Internal Server Error: /webpos/pdf/
Traceback (most recent call last):
  File "/Users/thedos/stuff/openg/lib/python2.7/site-packages/django/core/handlers/base.py", line 132, in get_response
    response = wrapped_callback(request, *callback_args, **callback_kwargs)
  File "/Users/thedos/stuff/openg/OpenGenfri/pos/webpos/views.py", line 125, in pdf_view
    return render_to_pdf_response(request, 'webpos/pdf_template.html', context)
  File "/Users/thedos/stuff/openg/lib/python2.7/site-packages/easy_pdf/rendering.py", line 166, in render_to_pdf_response
    pdf = render_to_pdf(template, context, encoding=encoding, **kwargs)
  File "/Users/thedos/stuff/openg/lib/python2.7/site-packages/easy_pdf/rendering.py", line 139, in render_to_pdf
    return html_to_pdf(content, encoding, **kwargs)
  File "/Users/thedos/stuff/openg/lib/python2.7/site-packages/easy_pdf/rendering.py", line 65, in html_to_pdf
    link_callback=link_callback, **kwargs)
  File "/Users/thedos/stuff/openg/lib/python2.7/site-packages/xhtml2pdf/document.py", line 89, in pisaDocument
    encoding, context=context, xml_output=xml_output)
  File "/Users/thedos/stuff/openg/lib/python2.7/site-packages/xhtml2pdf/document.py", line 57, in pisaStory
    pisaParser(src, context, default_css, xhtml, encoding, xml_output)
  File "/Users/thedos/stuff/openg/lib/python2.7/site-packages/xhtml2pdf/parser.py", line 685, in pisaParser
    context.parseCSS()
  File "/Users/thedos/stuff/openg/lib/python2.7/site-packages/xhtml2pdf/context.py", line 498, in parseCSS
    self.css = self.cssParser.parse(self.cssText)
  File "/Users/thedos/stuff/openg/lib/python2.7/site-packages/xhtml2pdf/w3c/cssParser.py", line 434, in parse
    src, stylesheet = self._parseStylesheet(src)
  File "/Users/thedos/stuff/openg/lib/python2.7/site-packages/xhtml2pdf/w3c/cssParser.py", line 533, in _parseStylesheet
    src, atResults = self._parseAtKeyword(src)
  File "/Users/thedos/stuff/openg/lib/python2.7/site-packages/xhtml2pdf/w3c/cssParser.py", line 655, in _parseAtKeyword
    src, result = self._parseAtFontFace(src)
  File "/Users/thedos/stuff/openg/lib/python2.7/site-packages/xhtml2pdf/w3c/cssParser.py", line 785, in _parseAtFontFace
    result = [self.cssBuilder.atFontFace(properties)]
  File "/Users/thedos/stuff/openg/lib/python2.7/site-packages/xhtml2pdf/context.py", line 173, in atFontFace
    src = self.c.getFile(data["src"], relative=self.c.cssParser.rootPath)
  File "/Users/thedos/stuff/openg/lib/python2.7/site-packages/xhtml2pdf/context.py", line 822, in getFile
    return getFile(self._getFileDeprecated(name, relative))
  File "/Users/thedos/stuff/openg/lib/python2.7/site-packages/xhtml2pdf/util.py", line 635, in getFile
    file = pisaFileObject(*a, **kw)
  File "/Users/thedos/stuff/openg/lib/python2.7/site-packages/xhtml2pdf/util.py", line 516, in __init__
    uri = uri.encode('utf-8')
AttributeError: 'NoneType' object has no attribute 'encode'
Internal Server Error: /webpos/pdf/
Traceback (most recent call last):
  File "/Users/thedos/stuff/openg/lib/python2.7/site-packages/django/core/handlers/base.py", line 132, in get_response
    response = wrapped_callback(request, *callback_args, **callback_kwargs)
  File "/Users/thedos/stuff/openg/OpenGenfri/pos/webpos/views.py", line 125, in pdf_view
    return render_to_pdf_response(request, 'webpos/pdf_template.html', context)
  File "/Users/thedos/stuff/openg/lib/python2.7/site-packages/easy_pdf/rendering.py", line 166, in render_to_pdf_response
    pdf = render_to_pdf(template, context, encoding=encoding, **kwargs)
  File "/Users/thedos/stuff/openg/lib/python2.7/site-packages/easy_pdf/rendering.py", line 139, in render_to_pdf
    return html_to_pdf(content, encoding, **kwargs)
  File "/Users/thedos/stuff/openg/lib/python2.7/site-packages/easy_pdf/rendering.py", line 65, in html_to_pdf
    link_callback=link_callback, **kwargs)
  File "/Users/thedos/stuff/openg/lib/python2.7/site-packages/xhtml2pdf/document.py", line 89, in pisaDocument
    encoding, context=context, xml_output=xml_output)
  File "/Users/thedos/stuff/openg/lib/python2.7/site-packages/xhtml2pdf/document.py", line 57, in pisaStory
    pisaParser(src, context, default_css, xhtml, encoding, xml_output)
  File "/Users/thedos/stuff/openg/lib/python2.7/site-packages/xhtml2pdf/parser.py", line 685, in pisaParser
    context.parseCSS()
  File "/Users/thedos/stuff/openg/lib/python2.7/site-packages/xhtml2pdf/context.py", line 498, in parseCSS
    self.css = self.cssParser.parse(self.cssText)
  File "/Users/thedos/stuff/openg/lib/python2.7/site-packages/xhtml2pdf/w3c/cssParser.py", line 434, in parse
    src, stylesheet = self._parseStylesheet(src)
  File "/Users/thedos/stuff/openg/lib/python2.7/site-packages/xhtml2pdf/w3c/cssParser.py", line 533, in _parseStylesheet
    src, atResults = self._parseAtKeyword(src)
  File "/Users/thedos/stuff/openg/lib/python2.7/site-packages/xhtml2pdf/w3c/cssParser.py", line 655, in _parseAtKeyword
    src, result = self._parseAtFontFace(src)
  File "/Users/thedos/stuff/openg/lib/python2.7/site-packages/xhtml2pdf/w3c/cssParser.py", line 785, in _parseAtFontFace
    result = [self.cssBuilder.atFontFace(properties)]
  File "/Users/thedos/stuff/openg/lib/python2.7/site-packages/xhtml2pdf/context.py", line 173, in atFontFace
    src = self.c.getFile(data["src"], relative=self.c.cssParser.rootPath)
  File "/Users/thedos/stuff/openg/lib/python2.7/site-packages/xhtml2pdf/context.py", line 822, in getFile
    return getFile(self._getFileDeprecated(name, relative))
  File "/Users/thedos/stuff/openg/lib/python2.7/site-packages/xhtml2pdf/util.py", line 635, in getFile
    file = pisaFileObject(*a, **kw)
  File "/Users/thedos/stuff/openg/lib/python2.7/site-packages/xhtml2pdf/util.py", line 516, in __init__
    uri = uri.encode('utf-8')
AttributeError: 'NoneType' object has no attribute 'encode'
Internal Server Error: /webpos/pdf/
Traceback (most recent call last):
  File "/Users/thedos/stuff/openg/lib/python2.7/site-packages/django/core/handlers/base.py", line 132, in get_response
    response = wrapped_callback(request, *callback_args, **callback_kwargs)
  File "/Users/thedos/stuff/openg/OpenGenfri/pos/webpos/views.py", line 126, in pdf_view
    return render_to_pdf_response(request, 'webpos/pdf_template_new.html', context)
  File "/Users/thedos/stuff/openg/lib/python2.7/site-packages/easy_pdf/rendering.py", line 166, in render_to_pdf_response
    pdf = render_to_pdf(template, context, encoding=encoding, **kwargs)
  File "/Users/thedos/stuff/openg/lib/python2.7/site-packages/easy_pdf/rendering.py", line 138, in render_to_pdf
    content = loader.render_to_string(template, context)
  File "/Users/thedos/stuff/openg/lib/python2.7/site-packages/django/template/loader.py", line 99, in render_to_string
    return template.render(context, request)
  File "/Users/thedos/stuff/openg/lib/python2.7/site-packages/django/template/backends/django.py", line 74, in render
    return self.template.render(context)
  File "/Users/thedos/stuff/openg/lib/python2.7/site-packages/django/template/base.py", line 209, in render
    return self._render(context)
  File "/Users/thedos/stuff/openg/lib/python2.7/site-packages/django/template/base.py", line 201, in _render
    return self.nodelist.render(context)
  File "/Users/thedos/stuff/openg/lib/python2.7/site-packages/django/template/base.py", line 903, in render
    bit = self.render_node(node, context)
  File "/Users/thedos/stuff/openg/lib/python2.7/site-packages/django/template/debug.py", line 79, in render_node
    return node.render(context)
  File "/Users/thedos/stuff/openg/lib/python2.7/site-packages/django/template/loader_tags.py", line 135, in render
    return compiled_parent._render(context)
  File "/Users/thedos/stuff/openg/lib/python2.7/site-packages/django/template/base.py", line 201, in _render
    return self.nodelist.render(context)
  File "/Users/thedos/stuff/openg/lib/python2.7/site-packages/django/template/base.py", line 903, in render
    bit = self.render_node(node, context)
  File "/Users/thedos/stuff/openg/lib/python2.7/site-packages/django/template/debug.py", line 79, in render_node
    return node.render(context)
  File "/Users/thedos/stuff/openg/lib/python2.7/site-packages/django/template/loader_tags.py", line 65, in render
    result = block.nodelist.render(context)
  File "/Users/thedos/stuff/openg/lib/python2.7/site-packages/django/template/base.py", line 903, in render
    bit = self.render_node(node, context)
  File "/Users/thedos/stuff/openg/lib/python2.7/site-packages/django/template/debug.py", line 79, in render_node
    return node.render(context)
  File "/Users/thedos/stuff/openg/lib/python2.7/site-packages/django/template/defaulttags.py", line 162, in render
    len_values = len(values)
  File "/Users/thedos/stuff/openg/lib/python2.7/site-packages/django/db/models/query.py", line 144, in __len__
    self._fetch_all()
  File "/Users/thedos/stuff/openg/lib/python2.7/site-packages/django/db/models/query.py", line 965, in _fetch_all
    self._result_cache = list(self.iterator())
  File "/Users/thedos/stuff/openg/lib/python2.7/site-packages/django/db/models/query.py", line 238, in iterator
    results = compiler.execute_sql()
  File "/Users/thedos/stuff/openg/lib/python2.7/site-packages/django/db/models/sql/compiler.py", line 829, in execute_sql
    sql, params = self.as_sql()
  File "/Users/thedos/stuff/openg/lib/python2.7/site-packages/django/db/models/sql/compiler.py", line 378, in as_sql
    extra_select, order_by, group_by = self.pre_sql_setup()
  File "/Users/thedos/stuff/openg/lib/python2.7/site-packages/django/db/models/sql/compiler.py", line 49, in pre_sql_setup
    order_by = self.get_order_by()
  File "/Users/thedos/stuff/openg/lib/python2.7/site-packages/django/db/models/sql/compiler.py", line 286, in get_order_by
    field, self.query.get_meta(), default_order=asc))
  File "/Users/thedos/stuff/openg/lib/python2.7/site-packages/django/db/models/sql/compiler.py", line 558, in find_ordering_name
    field, targets, alias, joins, path, opts = self._setup_joins(pieces, opts, alias)
  File "/Users/thedos/stuff/openg/lib/python2.7/site-packages/django/db/models/sql/compiler.py", line 591, in _setup_joins
    pieces, opts, alias)
  File "/Users/thedos/stuff/openg/lib/python2.7/site-packages/django/db/models/sql/query.py", line 1466, in setup_joins
    names, opts, allow_many, fail_on_missing=True)
  File "/Users/thedos/stuff/openg/lib/python2.7/site-packages/django/db/models/sql/query.py", line 1391, in names_to_path
    "Choices are: %s" % (name, ", ".join(available)))
FieldError: Cannot resolve keyword 'category' into field. Choices are: bill, bill_id, id, item, item_id, item_price, quantity
Internal Server Error: /webpos/pdf/
Traceback (most recent call last):
  File "/Users/thedos/stuff/openg/lib/python2.7/site-packages/django/core/handlers/base.py", line 132, in get_response
    response = wrapped_callback(request, *callback_args, **callback_kwargs)
  File "/Users/thedos/stuff/openg/OpenGenfri/pos/webpos/views.py", line 124, in pdf_view
    items_ordered_by_category =bill.billitem_set.item.all().order_by('category')
AttributeError: 'RelatedManager' object has no attribute 'item'
Internal Server Error: /webpos/pdf/
Traceback (most recent call last):
  File "/Users/thedos/stuff/openg/lib/python2.7/site-packages/django/core/handlers/base.py", line 132, in get_response
    response = wrapped_callback(request, *callback_args, **callback_kwargs)
  File "/Users/thedos/stuff/openg/OpenGenfri/pos/webpos/views.py", line 124, in pdf_view
    items_ordered_by_category =bill.billitem_set.item_set.all().order_by('category')
AttributeError: 'RelatedManager' object has no attribute 'item_set'
Internal Server Error: /webpos/pdf/
Traceback (most recent call last):
  File "/Users/thedos/stuff/openg/lib/python2.7/site-packages/django/core/handlers/base.py", line 132, in get_response
    response = wrapped_callback(request, *callback_args, **callback_kwargs)
  File "/Users/thedos/stuff/openg/OpenGenfri/pos/webpos/views.py", line 124, in pdf_view
    items_ordered_by_category =bill.billitem_set.all().order_by(item.category)
NameError: global name 'item' is not defined
Internal Server Error: /webpos/pdf/
Traceback (most recent call last):
  File "/Users/thedos/stuff/openg/lib/python2.7/site-packages/django/core/handlers/base.py", line 132, in get_response
    response = wrapped_callback(request, *callback_args, **callback_kwargs)
  File "/Users/thedos/stuff/openg/OpenGenfri/pos/webpos/views.py", line 124, in pdf_view
    items_ordered_by_category =bill.billitem_set.all().order_by(item.category)
NameError: global name 'item' is not defined
Internal Server Error: /webpos/pdf/
Traceback (most recent call last):
  File "/Users/thedos/stuff/openg/lib/python2.7/site-packages/django/core/handlers/base.py", line 132, in get_response
    response = wrapped_callback(request, *callback_args, **callback_kwargs)
  File "/Users/thedos/stuff/openg/OpenGenfri/pos/webpos/views.py", line 126, in pdf_view
    return render_to_pdf_response(request, 'webpos/pdf_template_new.html', context)
  File "/Users/thedos/stuff/openg/lib/python2.7/site-packages/easy_pdf/rendering.py", line 166, in render_to_pdf_response
    pdf = render_to_pdf(template, context, encoding=encoding, **kwargs)
  File "/Users/thedos/stuff/openg/lib/python2.7/site-packages/easy_pdf/rendering.py", line 138, in render_to_pdf
    content = loader.render_to_string(template, context)
  File "/Users/thedos/stuff/openg/lib/python2.7/site-packages/django/template/loader.py", line 99, in render_to_string
    return template.render(context, request)
  File "/Users/thedos/stuff/openg/lib/python2.7/site-packages/django/template/backends/django.py", line 74, in render
    return self.template.render(context)
  File "/Users/thedos/stuff/openg/lib/python2.7/site-packages/django/template/base.py", line 209, in render
    return self._render(context)
  File "/Users/thedos/stuff/openg/lib/python2.7/site-packages/django/template/base.py", line 201, in _render
    return self.nodelist.render(context)
  File "/Users/thedos/stuff/openg/lib/python2.7/site-packages/django/template/base.py", line 903, in render
    bit = self.render_node(node, context)
  File "/Users/thedos/stuff/openg/lib/python2.7/site-packages/django/template/debug.py", line 79, in render_node
    return node.render(context)
  File "/Users/thedos/stuff/openg/lib/python2.7/site-packages/django/template/loader_tags.py", line 135, in render
    return compiled_parent._render(context)
  File "/Users/thedos/stuff/openg/lib/python2.7/site-packages/django/template/base.py", line 201, in _render
    return self.nodelist.render(context)
  File "/Users/thedos/stuff/openg/lib/python2.7/site-packages/django/template/base.py", line 903, in render
    bit = self.render_node(node, context)
  File "/Users/thedos/stuff/openg/lib/python2.7/site-packages/django/template/debug.py", line 79, in render_node
    return node.render(context)
  File "/Users/thedos/stuff/openg/lib/python2.7/site-packages/django/template/loader_tags.py", line 65, in render
    result = block.nodelist.render(context)
  File "/Users/thedos/stuff/openg/lib/python2.7/site-packages/django/template/base.py", line 903, in render
    bit = self.render_node(node, context)
  File "/Users/thedos/stuff/openg/lib/python2.7/site-packages/django/template/debug.py", line 79, in render_node
    return node.render(context)
  File "/Users/thedos/stuff/openg/lib/python2.7/site-packages/django/template/defaulttags.py", line 161, in render
    values = list(values)
TypeError: 'Bill' object is not iterable
